[2026-02-21T19:56:51.763Z] [SUCCESS] User: bryan_drouet (598076783186935808) | Cmd: /role liste | Guild: Tests (1474820217627480080) | Channel: 1474831860231180328 | Detail: Liste consultée — 1 rôle(s)
[2026-02-21T20:02:27.350Z] [SUCCESS] User: bryan_drouet (598076783186935808) | Cmd: /role liste | Guild: Tests (1474820217627480080) | Channel: 1474831860231180328 | Detail: Liste consultée — 1 rôle(s)
[2026-02-21T20:03:28.986Z] [SUCCESS] User: bryan_drouet (598076783186935808) | Cmd: /role modifier | Guild: Tests (1474820217627480080) | Channel: 1474831860231180328 | Detail: Entrée modifiée [ff90fa57] : description → Rôle pour les pings des différents tests
[2026-02-21T20:04:35.373Z] [SUCCESS] User: bryan_drouet (598076783186935808) | Cmd: /deployer | Guild: Tests (1474820217627480080) | Channel: 1474831860231180328 | Detail: Message déployé dans #bienvenue (1474859226127138837)
[2026-02-21T20:23:50.392Z] [SUCCESS] User: bryan_drouet (598076783186935808) | Cmd: /role ajouter | Guild: Tests (1474820217627480080) | Channel: 1474831860231180328 | Detail: Rôle ajouté : Membre (1474862071396171991) [64d0dad3]
[2026-02-21T20:24:03.736Z] [SUCCESS] User: bryan_drouet (598076783186935808) | Cmd: /deployer | Guild: Tests (1474820217627480080) | Channel: 1474831860231180328 | Detail: Message mis à jour dans #bienvenue (1474859226127138837)
[2026-02-21T20:24:23.632Z] [SUCCESS] User: bryan_drouet (598076783186935808) | Cmd: /role liste | Guild: Tests (1474820217627480080) | Channel: 1474859226127138837 | Detail: Liste consultée — 2 rôle(s)
[2026-02-21T20:25:18.270Z] [SUCCESS] User: bryan_drouet (598076783186935808) | Cmd: /role modifier | Guild: Tests (1474820217627480080) | Channel: 1474859226127138837 | Detail: Entrée modifiée [ff90fa57] : description → Ping des différents tests, label → Ping tests
[2026-02-21T20:25:23.140Z] [SUCCESS] User: bryan_drouet (598076783186935808) | Cmd: /deployer | Guild: Tests (1474820217627480080) | Channel: 1474859226127138837 | Detail: Message mis à jour dans #bienvenue (1474859226127138837)
[2026-02-21T20:39:07.890Z] [SUCCESS] User: bryan_drouet (598076783186935808) | Cmd: /config | Guild: Tests (1474820217627480080) | Channel: 1474859226127138837 | Detail: Menu config ouvert
[2026-02-21T20:39:26.274Z] [SUCCESS] User: bryan_drouet (598076783186935808) | Cmd: /undefined | Guild: Tests (1474820217627480080) | Channel: 1474859226127138837 | Detail: Salon de logs défini : <#1474857686704193546>
[2026-02-21T20:40:19.912Z] [SUCCESS] User: bryan_drouet (598076783186935808) | Cmd: /undefined | Guild: Tests (1474820217627480080) | Channel: 1474859226127138837 | Detail: Configuration consultée
[2026-02-21T20:40:35.899Z] [SUCCESS] User: bryan_drouet (598076783186935808) | Cmd: /undefined | Guild: Tests (1474820217627480080) | Channel: 1474859226127138837 | Detail: Admin ajouté : utilisateur 598076783186935808
[2026-02-21T20:40:42.621Z] [SUCCESS] User: bryan_drouet (598076783186935808) | Cmd: /undefined | Guild: Tests (1474820217627480080) | Channel: 1474859226127138837 | Detail: Admin ajouté : rôle 1474861822128554016
[2026-02-21T20:40:46.738Z] [SUCCESS] User: bryan_drouet (598076783186935808) | Cmd: /undefined | Guild: Tests (1474820217627480080) | Channel: 1474859226127138837 | Detail: Liste admins consultée — 2 admin(s)
[2026-02-21T20:42:42.151Z] [SUCCESS] User: bryan_drouet (598076783186935808) | Cmd: /config | Guild: Tests (1474820217627480080) | Channel: 1474857686704193546 | Detail: Menu config ouvert
[2026-02-21T20:42:59.839Z] [SUCCESS] User: bryan_drouet (598076783186935808) | Cmd: /config voir | Guild: Tests (1474820217627480080) | Channel: 1474857686704193546 | Detail: Configuration consultée
[2026-02-21T20:45:21.151Z] [SUCCESS] User: bryan_drouet (598076783186935808) | Cmd: /config voir | Guild: Tests (1474820217627480080) | Channel: 1474857686704193546 | Detail: Configuration consultée
[2026-02-21T20:47:27.133Z] [SUCCESS] User: bryan_drouet (598076783186935808) | Cmd: /config voir | Guild: Tests (1474820217627480080) | Channel: 1474857686704193546 | Detail: Configuration consultée
[2026-02-21T20:52:38.754Z] [SUCCESS] User: bryan_drouet (598076783186935808) | Cmd: /config | Guild: Tests (1474820217627480080) | Channel: 1474857686704193546 | Detail: Menu config ouvert
[2026-02-21T20:52:38.765Z] [SUCCESS] User: bryan_drouet (598076783186935808) | Cmd: /config | Guild: Tests (1474820217627480080) | Channel: 1474857686704193546 | Detail: Menu config ouvert
[2026-02-21T20:52:39.464Z] [ERROR] User: bryan_drouet (598076783186935808) | Cmd: /config | Guild: Tests (1474820217627480080) | Channel: 1474857686704193546 | Detail: Interaction has already been acknowledged.
[2026-02-21T20:52:51.364Z] [SUCCESS] User: bryan_drouet (598076783186935808) | Cmd: /config | Guild: Tests (1474820217627480080) | Channel: 1474831860231180328 | Detail: Menu config ouvert
[2026-02-21T20:52:51.367Z] [SUCCESS] User: bryan_drouet (598076783186935808) | Cmd: /config | Guild: Tests (1474820217627480080) | Channel: 1474831860231180328 | Detail: Menu config ouvert
[2026-02-21T20:52:52.124Z] [ERROR] User: bryan_drouet (598076783186935808) | Cmd: /config | Guild: Tests (1474820217627480080) | Channel: 1474831860231180328 | Detail: Interaction has already been acknowledged.
[2026-02-21T20:53:24.835Z] [SUCCESS] User: bryan_drouet (598076783186935808) | Cmd: /config | Guild: Tests (1474820217627480080) | Channel: 1474831860231180328 | Detail: Menu config ouvert
[2026-02-21T20:53:24.836Z] [SUCCESS] User: bryan_drouet (598076783186935808) | Cmd: /config | Guild: Tests (1474820217627480080) | Channel: 1474831860231180328 | Detail: Menu config ouvert
[2026-02-21T20:53:25.692Z] [ERROR] User: bryan_drouet (598076783186935808) | Cmd: /config | Guild: Tests (1474820217627480080) | Channel: 1474831860231180328 | Detail: Interaction has already been acknowledged.
[2026-02-21T21:19:21.641Z] [SUCCESS] User: bryan_drouet (598076783186935808) | Cmd: /rgpd | Guild: Tests (1474820217627480080) | Channel: 1474857686704193546 | Detail: Menu RGPD ouvert
[2026-02-21T21:19:43.505Z] [SUCCESS] User: bryan_drouet (598076783186935808) | Cmd: /config | Guild: Tests (1474820217627480080) | Channel: 1474831860231180328 | Detail: Menu config ouvert
[2026-02-21T21:19:47.606Z] [SUCCESS] User: bryan_drouet (598076783186935808) | Cmd: /config logs | Guild: Tests (1474820217627480080) | Channel: 1474831860231180328 | Detail: Logs visuels désactivés
[2026-02-21T21:27:17.156Z] [SUCCESS] User: bryan_drouet (598076783186935808) | Cmd: /rgpd | Guild: Tests (1474820217627480080) | Channel: 1474857686704193546 | Detail: Menu RGPD ouvert
[2026-02-21T21:27:31.501Z] [SUCCESS] User: bryan_drouet (598076783186935808) | Cmd: /config | Guild: Tests (1474820217627480080) | Channel: 1474831860231180328 | Detail: Menu config ouvert
[2026-02-21T21:27:37.096Z] [SUCCESS] User: bryan_drouet (598076783186935808) | Cmd: /config voir | Guild: Tests (1474820217627480080) | Channel: 1474831860231180328 | Detail: Configuration consultée
[2026-02-21T21:28:15.870Z] [SUCCESS] User: bryan_drouet (598076783186935808) | Cmd: /config rôle liste | Guild: Tests (1474820217627480080) | Channel: 1474831860231180328 | Detail: Liste rôles — 2 rôle(s)
[2026-02-21T21:28:22.697Z] [SUCCESS] User: bryan_drouet (598076783186935808) | Cmd: /config admin-liste | Guild: Tests (1474820217627480080) | Channel: 1474831860231180328 | Detail: Liste admins consultée — 2 admin(s)
[2026-02-21T21:28:39.163Z] [SUCCESS] User: bryan_drouet (598076783186935808) | Cmd: /config rôle liste | Guild: Tests (1474820217627480080) | Channel: 1474831860231180328 | Detail: Liste rôles — 2 rôle(s)
[2026-02-21T21:28:50.753Z] [SUCCESS] User: bryan_drouet (598076783186935808) | Cmd: /config rôle ordonner | Guild: Tests (1474820217627480080) | Channel: 1474831860231180328 | Detail: Ordre des rôles modifié
[2026-02-21T21:29:13.973Z] [SUCCESS] User: bryan_drouet (598076783186935808) | Cmd: /config rôle déployer | Guild: Tests (1474820217627480080) | Channel: 1474831860231180328 | Detail: Mis à jour dans <#1474859226127138837>
[2026-02-21T21:30:09.319Z] [SUCCESS] User: bryan_drouet (598076783186935808) | Cmd: /rgpd | Guild: Tests (1474820217627480080) | Channel: 1474831860231180328 | Detail: Menu RGPD ouvert
[2026-02-21T21:30:13.518Z] [SUCCESS] User: bryan_drouet (598076783186935808) | Cmd: /rgpd infos | Guild: Tests (1474820217627480080) | Channel: 1474831860231180328 | Detail: Infos RGPD consultées
[2026-02-21T21:33:13.254Z] [SUCCESS] User: bryan_drouet (598076783186935808) | Cmd: /rgpd | Guild: Tests (1474820217627480080) | Channel: 1474857686704193546 | Detail: Menu RGPD ouvert
[2026-02-21T21:33:14.866Z] [SUCCESS] User: bryan_drouet (598076783186935808) | Cmd: /rgpd infos | Guild: Tests (1474820217627480080) | Channel: 1474857686704193546 | Detail: Infos RGPD consultées
[2026-02-21T21:33:27.383Z] [SUCCESS] User: bryan_drouet (598076783186935808) | Cmd: /config | Guild: Tests (1474820217627480080) | Channel: 1474831860231180328 | Detail: Menu config ouvert
[2026-02-21T21:34:16.399Z] [SUCCESS] User: bryan_drouet (598076783186935808) | Cmd: /config voir | Guild: Tests (1474820217627480080) | Channel: 1474831860231180328 | Detail: Configuration consultée
[2026-02-21T21:34:43.584Z] [SUCCESS] User: bryan_drouet (598076783186935808) | Cmd: /config voir | Guild: Tests (1474820217627480080) | Channel: 1474831860231180328 | Detail: Configuration consultée
[2026-02-21T21:35:26.806Z] [SUCCESS] User: bryan_drouet (598076783186935808) | Cmd: /config rôle liste | Guild: Tests (1474820217627480080) | Channel: 1474831860231180328 | Detail: Liste rôles — 2 rôle(s)
[2026-02-21T21:37:28.602Z] [SUCCESS] User: bryan_drouet (598076783186935808) | Cmd: /config | Guild: Tests (1474820217627480080) | Channel: 1474831860231180328 | Detail: Menu config ouvert
[2026-02-21T21:37:36.352Z] [SUCCESS] User: bryan_drouet (598076783186935808) | Cmd: /config admin-liste | Guild: Tests (1474820217627480080) | Channel: 1474831860231180328 | Detail: Liste admins consultée — 2 admin(s)
[2026-02-21T21:37:49.982Z] [SUCCESS] User: bryan_drouet (598076783186935808) | Cmd: /config | Guild: Tests (1474820217627480080) | Channel: 1474831860231180328 | Detail: Menu config ouvert
[2026-02-21T21:37:56.991Z] [SUCCESS] User: bryan_drouet (598076783186935808) | Cmd: /config logs | Guild: Tests (1474820217627480080) | Channel: 1474831860231180328 | Detail: Salon de logs désactivé
[2026-02-21T21:38:04.123Z] [SUCCESS] User: bryan_drouet (598076783186935808) | Cmd: /config logs | Guild: Tests (1474820217627480080) | Channel: 1474831860231180328 | Detail: Salon de logs désactivé
[2026-02-21T21:38:38.899Z] [SUCCESS] User: bryan_drouet (598076783186935808) | Cmd: /config logs | Guild: Tests (1474820217627480080) | Channel: 1474831860231180328 | Detail: Logs visuels activés
[2026-02-21T21:38:41.224Z] [SUCCESS] User: bryan_drouet (598076783186935808) | Cmd: /config logs | Guild: Tests (1474820217627480080) | Channel: 1474831860231180328 | Detail: Logs visuels désactivés
[2026-02-21T21:48:26.154Z] [SUCCESS] User: bryan_drouet (598076783186935808) | Cmd: /config | Guild: Tests (1474820217627480080) | Channel: 1474831860231180328 | Detail: Menu config ouvert
[2026-02-21T21:48:29.951Z] [SUCCESS] User: bryan_drouet (598076783186935808) | Cmd: /config logs | Guild: Tests (1474820217627480080) | Channel: 1474831860231180328 | Detail: Logs désactivés
[2026-02-21T21:48:31.945Z] [SUCCESS] User: bryan_drouet (598076783186935808) | Cmd: /config logs | Guild: Tests (1474820217627480080) | Channel: 1474831860231180328 | Detail: Logs activés
[2026-02-21T21:48:35.723Z] [SUCCESS] User: bryan_drouet (598076783186935808) | Cmd: /config logs | Guild: Tests (1474820217627480080) | Channel: 1474831860231180328 | Detail: Logs visuels activés
[2026-02-21T21:49:49.933Z] [SUCCESS] User: bryan_drouet (598076783186935808) | Cmd: /config rôle personnaliser | Guild: Tests (1474820217627480080) | Channel: 1474831860231180328 | Detail: Couleur mise à jour : `#FF2E2E`.
[2026-02-21T21:49:56.416Z] [SUCCESS] User: bryan_drouet (598076783186935808) | Cmd: /config rôle déployer | Guild: Tests (1474820217627480080) | Channel: 1474831860231180328 | Detail: Mis à jour dans <#1474859226127138837>
[2026-02-21T21:50:10.339Z] [SUCCESS] User: bryan_drouet (598076783186935808) | Cmd: /config rôle personnaliser | Guild: Tests (1474820217627480080) | Channel: 1474831860231180328 | Detail: Couleur retirée.
[2026-02-21T21:50:19.913Z] [SUCCESS] User: bryan_drouet (598076783186935808) | Cmd: /config rôle déployer | Guild: Tests (1474820217627480080) | Channel: 1474831860231180328 | Detail: Mis à jour dans <#1474859226127138837>
[2026-02-21T21:51:57.149Z] [SUCCESS] User: bryan_drouet (598076783186935808) | Cmd: /config | Guild: Tests (1474820217627480080) | Channel: 1474831860231180328 | Detail: Menu config ouvert
[2026-02-21T22:09:48.098Z] [SUCCESS] User: bryan_drouet (598076783186935808) | Cmd: /rgpd | Guild: Tests (1474820217627480080) | Channel: 1474831860231180328 | Detail: Menu RGPD ouvert
[2026-02-21T22:10:09.301Z] [SUCCESS] User: bryan_drouet (598076783186935808) | Cmd: /rgpd infos | Guild: Tests (1474820217627480080) | Channel: 1474831860231180328 | Detail: Infos RGPD consultées
[2026-02-21T22:10:15.557Z] [SUCCESS] User: bryan_drouet (598076783186935808) | Cmd: /config | Guild: Tests (1474820217627480080) | Channel: 1474831860231180328 | Detail: Menu config ouvert
[2026-02-21T22:10:37.199Z] [SUCCESS] User: bryan_drouet (598076783186935808) | Cmd: /config logs | Guild: Tests (1474820217627480080) | Channel: 1474831860231180328 | Detail: Salon de logs défini : <#1474857686704193546>
[2026-02-21T22:10:48.990Z] [SUCCESS] User: bryan_drouet (598076783186935808) | Cmd: /config logs | Guild: Tests (1474820217627480080) | Channel: 1474831860231180328 | Detail: Logs désactivés
[2026-02-21T22:10:50.988Z] [SUCCESS] User: bryan_drouet (598076783186935808) | Cmd: /config logs | Guild: Tests (1474820217627480080) | Channel: 1474831860231180328 | Detail: Logs activés
[2026-02-21T22:11:07.101Z] [SUCCESS] User: bryan_drouet (598076783186935808) | Cmd: /config logs | Guild: Tests (1474820217627480080) | Channel: 1474831860231180328 | Detail: Logs visuels désactivés
[2026-02-21T22:15:50.774Z] [DENIED] User: bryan_drouet (598076783186935808) | Cmd: /config | Guild: undefined (null) | Channel: 1474892251938160703 | Detail: Pas admin du bot
[2026-02-21T22:26:25.695Z] [SUCCESS] User: bryan_drouet (598076783186935808) | Cmd: /rgpd | Guild: Tests (1474820217627480080) | Channel: 1474831860231180328 | Detail: Menu RGPD ouvert
[2026-02-21T22:26:27.035Z] [SUCCESS] User: bryan_drouet (598076783186935808) | Cmd: /rgpd infos | Guild: Tests (1474820217627480080) | Channel: 1474831860231180328 | Detail: Infos RGPD consultées
[2026-02-21T22:27:17.293Z] [SUCCESS] User: bryan_drouet (598076783186935808) | Cmd: /rgpd infos | Guild: Tests (1474820217627480080) | Channel: 1474831860231180328 | Detail: Infos RGPD consultées
[2026-02-21T22:30:51.762Z] [SUCCESS] User: bryan_drouet (598076783186935808) | Cmd: /rgpd | Guild: Tests (1474820217627480080) | Channel: 1474831860231180328 | Detail: Menu RGPD ouvert
[2026-02-21T22:30:53.745Z] [SUCCESS] User: bryan_drouet (598076783186935808) | Cmd: /rgpd infos | Guild: Tests (1474820217627480080) | Channel: 1474831860231180328 | Detail: Infos RGPD consultées
[2026-02-21T22:32:25.843Z] [SUCCESS] User: bryan_drouet (598076783186935808) | Cmd: /config | Guild: Tests (1474820217627480080) | Channel: 1474831860231180328 | Detail: Menu config ouvert
[2026-02-21T22:39:11.966Z] [SUCCESS] User: bryan_drouet (598076783186935808) | Cmd: /config | Guild: Tests (1474820217627480080) | Channel: 1474831860231180328 | Detail: Menu config ouvert
[2026-02-21T22:39:29.424Z] [SUCCESS] User: bryan_drouet (598076783186935808) | Cmd: /config rôle personnaliser | Guild: Tests (1474820217627480080) | Channel: 1474831860231180328 | Detail: Disposition → row
[2026-02-21T22:39:39.700Z] [SUCCESS] User: bryan_drouet (598076783186935808) | Cmd: /config rôle déployer | Guild: Tests (1474820217627480080) | Channel: 1474831860231180328 | Detail: Mis à jour dans <#1474859226127138837>
[2026-02-21T22:39:51.623Z] [SUCCESS] User: bryan_drouet (598076783186935808) | Cmd: /config rôle personnaliser | Guild: Tests (1474820217627480080) | Channel: 1474831860231180328 | Detail: Disposition → section
[2026-02-21T22:39:55.958Z] [SUCCESS] User: bryan_drouet (598076783186935808) | Cmd: /config rôle déployer | Guild: Tests (1474820217627480080) | Channel: 1474831860231180328 | Detail: Mis à jour dans <#1474859226127138837>
[2026-02-21T22:48:26.286Z] [SUCCESS] User: bryan_drouet (598076783186935808) | Cmd: /rgpd | Guild: Tests (1474820217627480080) | Channel: 1474831860231180328 | Detail: Menu RGPD ouvert
[2026-02-21T22:48:27.597Z] [SUCCESS] User: bryan_drouet (598076783186935808) | Cmd: /rgpd infos | Guild: Tests (1474820217627480080) | Channel: 1474831860231180328 | Detail: Infos RGPD consultées
[2026-02-21T22:48:36.109Z] [SUCCESS] User: bryan_drouet (598076783186935808) | Cmd: /config | Guild: Tests (1474820217627480080) | Channel: 1474831860231180328 | Detail: Menu config ouvert
[2026-02-21T22:48:45.193Z] [SUCCESS] User: bryan_drouet (598076783186935808) | Cmd: /config rôle personnaliser | Guild: Tests (1474820217627480080) | Channel: 1474831860231180328 | Detail: Séparateurs désactivés
[2026-02-21T22:48:51.883Z] [SUCCESS] User: bryan_drouet (598076783186935808) | Cmd: /config rôle déployer | Guild: Tests (1474820217627480080) | Channel: 1474831860231180328 | Detail: Mis à jour dans <#1474859226127138837>
[2026-02-21T22:49:42.173Z] [SUCCESS] User: bryan_drouet (598076783186935808) | Cmd: /config rôle personnaliser | Guild: Tests (1474820217627480080) | Channel: 1474831860231180328 | Detail: Séparateurs activés
[2026-02-21T22:49:44.276Z] [SUCCESS] User: bryan_drouet (598076783186935808) | Cmd: /config rôle personnaliser | Guild: Tests (1474820217627480080) | Channel: 1474831860231180328 | Detail: Disposition → row
[2026-02-21T22:52:36.101Z] [SUCCESS] User: bryan_drouet (598076783186935808) | Cmd: /config | Guild: Tests (1474820217627480080) | Channel: 1474831860231180328 | Detail: Menu config ouvert
[2026-02-21T22:52:45.439Z] [SUCCESS] User: bryan_drouet (598076783186935808) | Cmd: /config rôle personnaliser | Guild: Tests (1474820217627480080) | Channel: 1474831860231180328 | Detail: Disposition → column
[2026-02-21T22:52:56.989Z] [SUCCESS] User: bryan_drouet (598076783186935808) | Cmd: /config rôle personnaliser | Guild: Tests (1474820217627480080) | Channel: 1474831860231180328 | Detail: Séparateurs désactivés
[2026-02-21T22:53:05.467Z] [SUCCESS] User: bryan_drouet (598076783186935808) | Cmd: /config rôle personnaliser | Guild: Tests (1474820217627480080) | Channel: 1474831860231180328 | Detail: Disposition → row
[2026-02-21T22:53:15.297Z] [SUCCESS] User: bryan_drouet (598076783186935808) | Cmd: /config rôle personnaliser | Guild: Tests (1474820217627480080) | Channel: 1474831860231180328 | Detail: Disposition → section
[2026-02-21T22:53:48.729Z] [SUCCESS] User: bryan_drouet (598076783186935808) | Cmd: /config admin-retirer | Guild: Tests (1474820217627480080) | Channel: 1474831860231180328 | Detail: Admin retiré : user:598076783186935808
[2026-02-21T22:53:54.725Z] [SUCCESS] User: bryan_drouet (598076783186935808) | Cmd: /config admin-retirer | Guild: Tests (1474820217627480080) | Channel: 1474831860231180328 | Detail: Admin retiré : role:1474861822128554016
[2026-02-21T22:54:02.489Z] [SUCCESS] User: bryan_drouet (598076783186935808) | Cmd: /config admin-ajouter | Guild: Tests (1474820217627480080) | Channel: 1474831860231180328 | Detail: Admin ajouté : utilisateur 598076783186935808
[2026-02-21T22:54:12.933Z] [SUCCESS] User: bryan_drouet (598076783186935808) | Cmd: /config admin-ajouter | Guild: Tests (1474820217627480080) | Channel: 1474831860231180328 | Detail: Admin ajouté : rôle 1474861822128554016
[2026-02-21T23:03:42.727Z] [SUCCESS] User: bryan_drouet (598076783186935808) | Cmd: /config | Guild: Tests (1474820217627480080) | Channel: 1474831860231180328 | Detail: Menu config ouvert
[2026-02-21T23:03:48.067Z] [SUCCESS] User: bryan_drouet (598076783186935808) | Cmd: /config logs | Guild: Tests (1474820217627480080) | Channel: 1474831860231180328 | Detail: Tous les logs désactivés
[2026-02-21T23:03:49.736Z] [SUCCESS] User: bryan_drouet (598076783186935808) | Cmd: /config logs | Guild: Tests (1474820217627480080) | Channel: 1474831860231180328 | Detail: Tous les logs activés
[2026-02-21T23:03:53.545Z] [SUCCESS] User: bryan_drouet (598076783186935808) | Cmd: /config logs | Guild: Tests (1474820217627480080) | Channel: 1474831860231180328 | Detail: Logs visuels activés
[2026-02-21T23:03:55.849Z] [SUCCESS] User: bryan_drouet (598076783186935808) | Cmd: /config logs | Guild: Tests (1474820217627480080) | Channel: 1474831860231180328 | Detail: Logs visuels désactivés
